<?xml version="1.0" encoding="UTF-8"?>
<testrun name="ContraceptiveTimerTest (1)" project="ContraceptiveTimerTest" tests="20" started="20" failures="2" errors="0" ignored="0">
  <testsuite name="ch.kusar.contraceptivetimer.test.businessobjects.AlarmDataTest" time="2.318">
    <testcase name="testGetIntervalDays_TypeIsPatch_Returns7" classname="ch.kusar.contraceptivetimer.test.businessobjects.AlarmDataTest" time="0.574"/>
    <testcase name="testGetIntervalDays_TypeIsPill_Returns1" classname="ch.kusar.contraceptivetimer.test.businessobjects.AlarmDataTest" time="0.443"/>
    <testcase name="testGetIntervalDays_TypeIsRing_Returns21" classname="ch.kusar.contraceptivetimer.test.businessobjects.AlarmDataTest" time="0.103"/>
    <testcase name="testGetNumbersOfAlarmsBeforeBreak_LastBreakIs0DaysAgoAndTypeIsPill_Expected21" classname="ch.kusar.contraceptivetimer.test.businessobjects.AlarmDataTest" time="0.104"/>
    <testcase name="testGetNumbersOfAlarmsBeforeBreak_LastBreakIs15DaysAgoAndTypeIsRing_Expected0" classname="ch.kusar.contraceptivetimer.test.businessobjects.AlarmDataTest" time="0.104"/>
    <testcase name="testGetNumbersOfAlarmsBeforeBreak_LastBreakIs17DaysAgoAndTypeIsPatch_Expected0" classname="ch.kusar.contraceptivetimer.test.businessobjects.AlarmDataTest" time="0.078"/>
    <testcase name="testGetNumbersOfAlarmsBeforeBreak_LastBreakIs1DaysAgoAndTypeIsPill_Expected20" classname="ch.kusar.contraceptivetimer.test.businessobjects.AlarmDataTest" time="0.052">
      <failure>junit.framework.AssertionFailedError: expected:&lt;20&gt; but was:&lt;21&gt;&#13;
at ch.kusar.contraceptivetimer.test.businessobjects.AlarmDataTest.testGetNumbersOfAlarmsBeforeBreak_LastBreakIs1DaysAgoAndTypeIsPill_Expected20(AlarmDataTest.java:163)&#13;
at java.lang.reflect.Method.invokeNative(Native Method)&#13;
at android.test.AndroidTestRunner.runTest(AndroidTestRunner.java:169)&#13;
at android.test.AndroidTestRunner.runTest(AndroidTestRunner.java:154)&#13;
at android.test.InstrumentationTestRunner.onStart(InstrumentationTestRunner.java:520)&#13;
at android.app.Instrumentation$InstrumentationThread.run(Instrumentation.java:1447)&#13;

</failure>
    </testcase>
    <testcase name="testGetNumbersOfAlarmsBeforeBreak_LastBreakIs21DaysAgoAndTypeIsPill_Expected0" classname="ch.kusar.contraceptivetimer.test.businessobjects.AlarmDataTest" time="0.0">
      <failure>junit.framework.AssertionFailedError: expected:&lt;0&gt; but was:&lt;1&gt;&#13;
at ch.kusar.contraceptivetimer.test.businessobjects.AlarmDataTest.testGetNumbersOfAlarmsBeforeBreak_LastBreakIs21DaysAgoAndTypeIsPill_Expected0(AlarmDataTest.java:247)&#13;
at java.lang.reflect.Method.invokeNative(Native Method)&#13;
at android.test.AndroidTestRunner.runTest(AndroidTestRunner.java:169)&#13;
at android.test.AndroidTestRunner.runTest(AndroidTestRunner.java:154)&#13;
at android.test.InstrumentationTestRunner.onStart(InstrumentationTestRunner.java:520)&#13;
at android.app.Instrumentation$InstrumentationThread.run(Instrumentation.java:1447)&#13;

</failure>
    </testcase>
    <testcase name="testGetNumbersOfAlarmsBeforeBreak_LastBreakIs21DaysAgoAndTypeIsRing_Expected0" classname="ch.kusar.contraceptivetimer.test.businessobjects.AlarmDataTest" time="0.078"/>
    <testcase name="testGetNumbersOfAlarmsBeforeBreak_LastBreakIs29DaysAgoAndTypeIsRing_Expected0" classname="ch.kusar.contraceptivetimer.test.businessobjects.AlarmDataTest" time="0.104"/>
    <testcase name="testGetNumbersOfAlarmsBeforeBreak_LastBreakIs5DaysAgoAndTypeIsPatch_Expected2" classname="ch.kusar.contraceptivetimer.test.businessobjects.AlarmDataTest" time="0.051"/>
    <testcase name="testGetNumbersOfAlarmsBeforeBreak_LastBreakIs7DaysAgoAndTypeIsPatch_Expected2" classname="ch.kusar.contraceptivetimer.test.businessobjects.AlarmDataTest" time="0.026"/>
    <testcase name="testIsTimeToMakeSevenDaysBreak_LastBreakIs21DaysAgo_ExpectedTrue" classname="ch.kusar.contraceptivetimer.test.businessobjects.AlarmDataTest" time="0.105"/>
    <testcase name="testNumberOfDaysSinceLastBreak_StartTimeAndLastBreakIs1DayAgo_Expected1" classname="ch.kusar.contraceptivetimer.test.businessobjects.AlarmDataTest" time="0.104"/>
    <testcase name="testNumberOfDaysSinceLastBreak_StartTimeAndLastBreakIs21DaysAgo_Expected21" classname="ch.kusar.contraceptivetimer.test.businessobjects.AlarmDataTest" time="0.104"/>
    <testcase name="testNumberOfDaysSinceLastBreak_StartTimeAndLastBreakIs7DaysAgo_Expected7" classname="ch.kusar.contraceptivetimer.test.businessobjects.AlarmDataTest" time="0.105"/>
    <testcase name="testAndroidTestCaseSetupProperly" classname="ch.kusar.contraceptivetimer.test.businessobjects.AlarmDataTest" time="0.079"/>
  </testsuite>
  <testsuite name="ch.kusar.contraceptivetimer.test.wrapper.InternalStorageWrapperTest" time="0.261">
    <testcase name="testLoadFromStorage_LoadsStoredFileIntoObject_ShouldLoadTheSavedDataCorrectly" classname="ch.kusar.contraceptivetimer.test.wrapper.InternalStorageWrapperTest" time="0.13"/>
    <testcase name="testSaveToStorage_StoresTheFileToInternalStorage_ShouldBeSavedToStorageWithoutError" classname="ch.kusar.contraceptivetimer.test.wrapper.InternalStorageWrapperTest" time="0.079"/>
    <testcase name="testAndroidTestCaseSetupProperly" classname="ch.kusar.contraceptivetimer.test.wrapper.InternalStorageWrapperTest" time="0.052"/>
  </testsuite>
</testrun>
