<?xml version="1.0" encoding="UTF-8"?>
<testrun name="ContraceptiveTimerTest (1)" project="ContraceptiveTimerTest" tests="27" started="27" failures="2" errors="0" ignored="0">
  <testsuite name="ch.kusar.contraceptivetimer.test.calculator.AlarmCalculationDataTest" time="0.001">
    <testcase name="testAndroidTestCaseSetupProperly" classname="ch.kusar.contraceptivetimer.test.calculator.AlarmCalculationDataTest" time="0.0"/>
    <testcase name="testGetIntervalDays_TypeIsPatch_Returns7" classname="ch.kusar.contraceptivetimer.test.calculator.AlarmCalculationDataTest" time="0.0"/>
    <testcase name="testGetIntervalDays_TypeIsPill_Returns1" classname="ch.kusar.contraceptivetimer.test.calculator.AlarmCalculationDataTest" time="0.0"/>
    <testcase name="testGetIntervalDays_TypeIsRing_Returns28" classname="ch.kusar.contraceptivetimer.test.calculator.AlarmCalculationDataTest" time="0.0"/>
  </testsuite>
  <testsuite name="ch.kusar.contraceptivetimer.test.wrapper.InternalStorageWrapperTest" time="0.312">
    <testcase name="testAndroidTestCaseSetupProperly" classname="ch.kusar.contraceptivetimer.test.wrapper.InternalStorageWrapperTest" time="0.0"/>
    <testcase name="testLoadFromStorage_LoadsStoredFileIntoObjectWithAnotherStorageWrapperInstance_ShouldLoadTheSavedDataCorrectly" classname="ch.kusar.contraceptivetimer.test.wrapper.InternalStorageWrapperTest" time="0.0"/>
    <testcase name="testLoadFromStorage_LoadsStoredFileIntoObject_ShouldLoadTheSavedDataCorrectly" classname="ch.kusar.contraceptivetimer.test.wrapper.InternalStorageWrapperTest" time="0.0"/>
    <testcase name="testLoadFromStorage_TryToLoadNotSavedFileFromStorage_ObjectIsNull" classname="ch.kusar.contraceptivetimer.test.wrapper.InternalStorageWrapperTest" time="0.077"/>
    <testcase name="testSaveToStorage_StoresTheFileToInternalStorage_ShouldBeSavedToStorageWithoutError" classname="ch.kusar.contraceptivetimer.test.wrapper.InternalStorageWrapperTest" time="0.235"/>
  </testsuite>
  <testsuite name="ch.kusar.contraceptivetimer.test.calculator.AlarmDataCalculatorTest" time="0.16">
    <testcase name="testAndroidTestCaseSetupProperly" classname="ch.kusar.contraceptivetimer.test.calculator.AlarmDataCalculatorTest" time="0.0"/>
    <testcase name="testLastSunday" classname="ch.kusar.contraceptivetimer.test.calculator.AlarmDataCalculatorTest" time="0.0"/>
    <testcase name="testLastSundayWeekAgo" classname="ch.kusar.contraceptivetimer.test.calculator.AlarmDataCalculatorTest" time="0.0"/>
    <testcase name="testLastTodaysDayOfYear" classname="ch.kusar.contraceptivetimer.test.calculator.AlarmDataCalculatorTest" time="0.0"/>
    <testcase name="testNextAlarmEvent_LastUseWasLastSaturdayAndLastBreakWasLastSundayAndContraceptiveTypeIsPill_ExpectedMessageForChangePillAndCalendarDayIsNextSunday" classname="ch.kusar.contraceptivetimer.test.calculator.AlarmDataCalculatorTest" time="0.0"/>
    <testcase name="testNextAlarmEvent_LastUseWasLastSaturdayAndLastBreakWasLastSundayThreeWeeksAgoAndContraceptiveTypeIsPill_ExpectedMessageForRemovePillAndCalendarDayIsOneDayAfterLastUse" classname="ch.kusar.contraceptivetimer.test.calculator.AlarmDataCalculatorTest" time="0.0"/>
    <testcase name="testNextAlarmEvent_LastUseWasLastSundayAndLastBreakSundayAWeekAgoAndContraceptiveTypeIsPatch_ExpectedMessageForChangePatchAndCalendarDayIsNextSunday" classname="ch.kusar.contraceptivetimer.test.calculator.AlarmDataCalculatorTest" time="0.0"/>
    <testcase name="testNextAlarmEvent_LastUseWasLastSundayAndLastBreakSundayAWeekAgoAndContraceptiveTypeIsRing_ExpectedMessageForRemoveRingAndCalendarDayIsLastSundayIn21Days" classname="ch.kusar.contraceptivetimer.test.calculator.AlarmDataCalculatorTest" time="0.0"/>
    <testcase name="testNextAlarmEvent_LastUseWasLastSundayAndLastBreakWasLastSundayAndContraceptiveTypeIsRing_ExpectedMessageForRemoveRingAndCalendarDayIsNextSunday" classname="ch.kusar.contraceptivetimer.test.calculator.AlarmDataCalculatorTest" time="0.0"/>
    <testcase name="testNextAlarmEvent_LastUseWasLastSundayOneWeeksAgoAndLastBreakWasLastSundayAndContraceptiveTypeIsPatch_ExpectedMessageForChangePatchAndCalendarDayIsNextSunday" classname="ch.kusar.contraceptivetimer.test.calculator.AlarmDataCalculatorTest" time="0.001"/>
    <testcase name="testNextAlarmEvent_LastUseWasLastSundayThreeWeeksAgoAndLastBreakWasLastSundayAndContraceptiveTypeIsRing_ExpectedMessageForChangeRingAndCalendarDayIsNextSunday" classname="ch.kusar.contraceptivetimer.test.calculator.AlarmDataCalculatorTest" time="0.0"/>
    <testcase name="testNextAlarmEvent_LastUseWasLastSundayTwoWeeksAgoAndLastBreakWasLastSundayThreeWeeksAgoAndContraceptiveTypeIsRing_ExpectedMessageForRemoveRingAndCalendarDayIsNextSunday" classname="ch.kusar.contraceptivetimer.test.calculator.AlarmDataCalculatorTest" time="0.053">
      <failure>junit.framework.AssertionFailedError: expected:&lt;java.util.GregorianCalendar[time=1349632800000,areFieldsSet=true,lenient=true,zone=Europe/Zurich,firstDayOfWeek=2,minimalDaysInFirstWeek=4,ERA=1,YEAR=2012,MONTH=9,WEEK_OF_YEAR=40,WEEK_OF_MONTH=1,DAY_OF_MONTH=7,DAY_OF_YEAR=281,DAY_OF_WEEK=1,DAY_OF_WEEK_IN_MONTH=1,AM_PM=1,HOUR=8,HOUR_OF_DAY=20,MINUTE=0,SECOND=0,MILLISECOND=0,ZONE_OFFSET=3600000,DST_OFFSET=3600000]&gt; but was:&lt;java.util.GregorianCalendar[time=1349028000000,areFieldsSet=true,lenient=true,zone=Europe/Zurich,firstDayOfWeek=2,minimalDaysInFirstWeek=4,ERA=1,YEAR=2012,MONTH=8,WEEK_OF_YEAR=39,WEEK_OF_MONTH=5,DAY_OF_MONTH=30,DAY_OF_YEAR=274,DAY_OF_WEEK=1,DAY_OF_WEEK_IN_MONTH=5,AM_PM=1,HOUR=8,HOUR_OF_DAY=20,MINUTE=0,SECOND=0,MILLISECOND=0,ZONE_OFFSET=3600000,DST_OFFSET=3600000]&gt;&#13;
at ch.kusar.contraceptivetimer.test.calculator.AlarmDataCalculatorTest.testNextAlarmEvent_LastUseWasLastSundayTwoWeeksAgoAndLastBreakWasLastSundayThreeWeeksAgoAndContraceptiveTypeIsRing_ExpectedMessageForRemoveRingAndCalendarDayIsNextSunday(AlarmDataCalculatorTest.java:186)&#13;
at java.lang.reflect.Method.invokeNative(Native Method)&#13;
at android.test.AndroidTestRunner.runTest(AndroidTestRunner.java:169)&#13;
at android.test.AndroidTestRunner.runTest(AndroidTestRunner.java:154)&#13;
at android.test.InstrumentationTestRunner.onStart(InstrumentationTestRunner.java:545)&#13;
at android.app.Instrumentation$InstrumentationThread.run(Instrumentation.java:1575)&#13;

</failure>
    </testcase>
    <testcase name="testNextAlarmEvent_LastUseWasYesterdayAndLastBreakWasSundayAWeekAgoAndContraceptiveTypeIsPill_ExpectedMessageForChangePillAndCalendarDayIsToday" classname="ch.kusar.contraceptivetimer.test.calculator.AlarmDataCalculatorTest" time="0.0">
      <failure>junit.framework.AssertionFailedError: expected:&lt;java.util.GregorianCalendar[time=?,areFieldsSet=false,lenient=true,zone=Europe/Zurich,firstDayOfWeek=2,minimalDaysInFirstWeek=4,ERA=1,YEAR=2012,MONTH=9,WEEK_OF_YEAR=40,WEEK_OF_MONTH=1,DAY_OF_MONTH=3,DAY_OF_YEAR=277,DAY_OF_WEEK=4,DAY_OF_WEEK_IN_MONTH=1,AM_PM=0,HOUR=0,HOUR_OF_DAY=20,MINUTE=0,SECOND=0,MILLISECOND=0,ZONE_OFFSET=3600000,DST_OFFSET=3600000]&gt; but was:&lt;1349287200000&gt;&#13;
at ch.kusar.contraceptivetimer.test.calculator.AlarmDataCalculatorTest.testNextAlarmEvent_LastUseWasYesterdayAndLastBreakWasSundayAWeekAgoAndContraceptiveTypeIsPill_ExpectedMessageForChangePillAndCalendarDayIsToday(AlarmDataCalculatorTest.java:333)&#13;
at java.lang.reflect.Method.invokeNative(Native Method)&#13;
at android.test.AndroidTestRunner.runTest(AndroidTestRunner.java:169)&#13;
at android.test.AndroidTestRunner.runTest(AndroidTestRunner.java:154)&#13;
at android.test.InstrumentationTestRunner.onStart(InstrumentationTestRunner.java:545)&#13;
at android.app.Instrumentation$InstrumentationThread.run(Instrumentation.java:1575)&#13;

</failure>
    </testcase>
    <testcase name="testNumberOfDaysSinceLastBreak_StartTimeAndLastBreakIs1DayAgo_Expected1" classname="ch.kusar.contraceptivetimer.test.calculator.AlarmDataCalculatorTest" time="0.0"/>
    <testcase name="testNumberOfDaysSinceLastBreak_StartTimeAndLastBreakIs21DaysAgo_Expected21" classname="ch.kusar.contraceptivetimer.test.calculator.AlarmDataCalculatorTest" time="0.0"/>
    <testcase name="testNumberOfDaysSinceLastBreak_StartTimeAndLastBreakIs7DaysAgo_Expected7" classname="ch.kusar.contraceptivetimer.test.calculator.AlarmDataCalculatorTest" time="0.027"/>
  </testsuite>
  <testsuite name="ch.kusar.contraceptivetimer.test.retriever.AlarmEventRetrieverTest" time="0.0">
    <testcase name="testAndroidTestCaseSetupProperly" classname="ch.kusar.contraceptivetimer.test.retriever.AlarmEventRetrieverTest" time="0.0"/>
    <testcase name="testRetrieveAlarmEventData_WithValidData_ShouldReturnExpectedObjectData" classname="ch.kusar.contraceptivetimer.test.retriever.AlarmEventRetrieverTest" time="0.0"/>
  </testsuite>
</testrun>
