<?xml version="1.0" encoding="UTF-8"?>
<testrun name="ContraceptiveTimerTest (1)" project="ContraceptiveTimerTest" tests="26" started="26" failures="14" errors="0" ignored="0">
  <testsuite name="ch.kusar.contraceptivetimer.test.calculator.AlarmCalculationDataTest" time="0.0">
    <testcase name="testAndroidTestCaseSetupProperly" classname="ch.kusar.contraceptivetimer.test.calculator.AlarmCalculationDataTest" time="0.0"/>
    <testcase name="testGetIntervalDays_TypeIsPatch_Returns7" classname="ch.kusar.contraceptivetimer.test.calculator.AlarmCalculationDataTest" time="0.0"/>
    <testcase name="testGetIntervalDays_TypeIsPill_Returns1" classname="ch.kusar.contraceptivetimer.test.calculator.AlarmCalculationDataTest" time="0.0"/>
    <testcase name="testGetIntervalDays_TypeIsRing_Returns28" classname="ch.kusar.contraceptivetimer.test.calculator.AlarmCalculationDataTest" time="0.0"/>
  </testsuite>
  <testsuite name="ch.kusar.contraceptivetimer.test.wrapper.InternalStorageWrapperTest" time="0.06">
    <testcase name="testAndroidTestCaseSetupProperly" classname="ch.kusar.contraceptivetimer.test.wrapper.InternalStorageWrapperTest" time="0.0"/>
    <testcase name="testLoadFromStorage_LoadsStoredFileIntoObjectWithAnotherStorageWrapperInstance_ShouldLoadTheSavedDataCorrectly" classname="ch.kusar.contraceptivetimer.test.wrapper.InternalStorageWrapperTest" time="0.0">
      <failure>junit.framework.AssertionFailedError: expected:&lt;java.util.GregorianCalendar[time=1349186847161,areFieldsSet=true,lenient=true,zone=Europe/Zurich,firstDayOfWeek=2,minimalDaysInFirstWeek=4,ERA=1,YEAR=2012,MONTH=9,WEEK_OF_YEAR=40,WEEK_OF_MONTH=1,DAY_OF_MONTH=2,DAY_OF_YEAR=276,DAY_OF_WEEK=3,DAY_OF_WEEK_IN_MONTH=1,AM_PM=1,HOUR=4,HOUR_OF_DAY=16,MINUTE=7,SECOND=27,MILLISECOND=161,ZONE_OFFSET=3600000,DST_OFFSET=3600000]&gt; but was:&lt;ch.kusar.contraceptivetimer.calculator.AlarmTime@41a64478&gt;&#13;
at ch.kusar.contraceptivetimer.test.wrapper.InternalStorageWrapperTest.testLoadFromStorage_LoadsStoredFileIntoObjectWithAnotherStorageWrapperInstance_ShouldLoadTheSavedDataCorrectly(InternalStorageWrapperTest.java:66)&#13;
at java.lang.reflect.Method.invokeNative(Native Method)&#13;
at android.test.AndroidTestRunner.runTest(AndroidTestRunner.java:169)&#13;
at android.test.AndroidTestRunner.runTest(AndroidTestRunner.java:154)&#13;
at android.test.InstrumentationTestRunner.onStart(InstrumentationTestRunner.java:545)&#13;
at android.app.Instrumentation$InstrumentationThread.run(Instrumentation.java:1575)&#13;

</failure>
    </testcase>
    <testcase name="testLoadFromStorage_LoadsStoredFileIntoObject_ShouldLoadTheSavedDataCorrectly" classname="ch.kusar.contraceptivetimer.test.wrapper.InternalStorageWrapperTest" time="0.0">
      <failure>junit.framework.AssertionFailedError: expected:&lt;java.util.GregorianCalendar[time=1349186847216,areFieldsSet=true,lenient=true,zone=Europe/Zurich,firstDayOfWeek=2,minimalDaysInFirstWeek=4,ERA=1,YEAR=2012,MONTH=9,WEEK_OF_YEAR=40,WEEK_OF_MONTH=1,DAY_OF_MONTH=2,DAY_OF_YEAR=276,DAY_OF_WEEK=3,DAY_OF_WEEK_IN_MONTH=1,AM_PM=1,HOUR=4,HOUR_OF_DAY=16,MINUTE=7,SECOND=27,MILLISECOND=216,ZONE_OFFSET=3600000,DST_OFFSET=3600000]&gt; but was:&lt;ch.kusar.contraceptivetimer.calculator.AlarmTime@41aa03f8&gt;&#13;
at ch.kusar.contraceptivetimer.test.wrapper.InternalStorageWrapperTest.testLoadFromStorage_LoadsStoredFileIntoObject_ShouldLoadTheSavedDataCorrectly(InternalStorageWrapperTest.java:50)&#13;
at java.lang.reflect.Method.invokeNative(Native Method)&#13;
at android.test.AndroidTestRunner.runTest(AndroidTestRunner.java:169)&#13;
at android.test.AndroidTestRunner.runTest(AndroidTestRunner.java:154)&#13;
at android.test.InstrumentationTestRunner.onStart(InstrumentationTestRunner.java:545)&#13;
at android.app.Instrumentation$InstrumentationThread.run(Instrumentation.java:1575)&#13;

</failure>
    </testcase>
    <testcase name="testLoadFromStorage_TryToLoadNotSavedFileFromStorage_ObjectIsNull" classname="ch.kusar.contraceptivetimer.test.wrapper.InternalStorageWrapperTest" time="0.0"/>
    <testcase name="testSaveToStorage_StoresTheFileToInternalStorage_ShouldBeSavedToStorageWithoutError" classname="ch.kusar.contraceptivetimer.test.wrapper.InternalStorageWrapperTest" time="0.06"/>
  </testsuite>
  <testsuite name="ch.kusar.contraceptivetimer.test.calculator.AlarmDataCalculatorTest" time="0.002">
    <testcase name="testAndroidTestCaseSetupProperly" classname="ch.kusar.contraceptivetimer.test.calculator.AlarmDataCalculatorTest" time="0.0"/>
    <testcase name="testLastSunday" classname="ch.kusar.contraceptivetimer.test.calculator.AlarmDataCalculatorTest" time="0.001"/>
    <testcase name="testLastSundayWeekAgo" classname="ch.kusar.contraceptivetimer.test.calculator.AlarmDataCalculatorTest" time="0.0"/>
    <testcase name="testNextAlarmEvent_LastUseWasLastSaturdayAndLastBreakWasLastSundayAndContraceptiveTypeIsPill_ExpectedMessageForChangePillAndCalendarDayIsNextSunday" classname="ch.kusar.contraceptivetimer.test.calculator.AlarmDataCalculatorTest" time="0.0">
      <failure>junit.framework.AssertionFailedError: expected:&lt;1349632800000&gt; but was:&lt;0&gt;&#13;
at ch.kusar.contraceptivetimer.test.calculator.AlarmDataCalculatorTest.testNextAlarmEvent_LastUseWasLastSaturdayAndLastBreakWasLastSundayAndContraceptiveTypeIsPill_ExpectedMessageForChangePillAndCalendarDayIsNextSunday(AlarmDataCalculatorTest.java:403)&#13;
at java.lang.reflect.Method.invokeNative(Native Method)&#13;
at android.test.AndroidTestRunner.runTest(AndroidTestRunner.java:169)&#13;
at android.test.AndroidTestRunner.runTest(AndroidTestRunner.java:154)&#13;
at android.test.InstrumentationTestRunner.onStart(InstrumentationTestRunner.java:545)&#13;
at android.app.Instrumentation$InstrumentationThread.run(Instrumentation.java:1575)&#13;

</failure>
    </testcase>
    <testcase name="testNextAlarmEvent_LastUseWasLastSaturdayAndLastBreakWasLastSundayThreeWeeksAgoAndContraceptiveTypeIsPill_ExpectedMessageForRemovePillAndCalendarDayIsOneDayAfterLastUse" classname="ch.kusar.contraceptivetimer.test.calculator.AlarmDataCalculatorTest" time="0.0">
      <failure>junit.framework.AssertionFailedError: expected:&lt;1349028000000&gt; but was:&lt;0&gt;&#13;
at ch.kusar.contraceptivetimer.test.calculator.AlarmDataCalculatorTest.testNextAlarmEvent_LastUseWasLastSaturdayAndLastBreakWasLastSundayThreeWeeksAgoAndContraceptiveTypeIsPill_ExpectedMessageForRemovePillAndCalendarDayIsOneDayAfterLastUse(AlarmDataCalculatorTest.java:363)&#13;
at java.lang.reflect.Method.invokeNative(Native Method)&#13;
at android.test.AndroidTestRunner.runTest(AndroidTestRunner.java:169)&#13;
at android.test.AndroidTestRunner.runTest(AndroidTestRunner.java:154)&#13;
at android.test.InstrumentationTestRunner.onStart(InstrumentationTestRunner.java:545)&#13;
at android.app.Instrumentation$InstrumentationThread.run(Instrumentation.java:1575)&#13;

</failure>
    </testcase>
    <testcase name="testNextAlarmEvent_LastUseWasLastSundayAndLastBreakSundayAWeekAgoAndContraceptiveTypeIsPatch_ExpectedMessageForChangePatchAndCalendarDayIsNextSunday" classname="ch.kusar.contraceptivetimer.test.calculator.AlarmDataCalculatorTest" time="0.0">
      <failure>junit.framework.AssertionFailedError: expected:&lt;1349632800000&gt; but was:&lt;0&gt;&#13;
at ch.kusar.contraceptivetimer.test.calculator.AlarmDataCalculatorTest.testNextAlarmEvent_LastUseWasLastSundayAndLastBreakSundayAWeekAgoAndContraceptiveTypeIsPatch_ExpectedMessageForChangePatchAndCalendarDayIsNextSunday(AlarmDataCalculatorTest.java:263)&#13;
at java.lang.reflect.Method.invokeNative(Native Method)&#13;
at android.test.AndroidTestRunner.runTest(AndroidTestRunner.java:169)&#13;
at android.test.AndroidTestRunner.runTest(AndroidTestRunner.java:154)&#13;
at android.test.InstrumentationTestRunner.onStart(InstrumentationTestRunner.java:545)&#13;
at android.app.Instrumentation$InstrumentationThread.run(Instrumentation.java:1575)&#13;

</failure>
    </testcase>
    <testcase name="testNextAlarmEvent_LastUseWasLastSundayAndLastBreakSundayAWeekAgoAndContraceptiveTypeIsRing_ExpectedMessageForRemoveRingAndCalendarDayIsLastSundayIn21Days" classname="ch.kusar.contraceptivetimer.test.calculator.AlarmDataCalculatorTest" time="0.0">
      <failure>junit.framework.AssertionFailedError: expected:&lt;1350842400000&gt; but was:&lt;0&gt;&#13;
at ch.kusar.contraceptivetimer.test.calculator.AlarmDataCalculatorTest.testNextAlarmEvent_LastUseWasLastSundayAndLastBreakSundayAWeekAgoAndContraceptiveTypeIsRing_ExpectedMessageForRemoveRingAndCalendarDayIsLastSundayIn21Days(AlarmDataCalculatorTest.java:163)&#13;
at java.lang.reflect.Method.invokeNative(Native Method)&#13;
at android.test.AndroidTestRunner.runTest(AndroidTestRunner.java:169)&#13;
at android.test.AndroidTestRunner.runTest(AndroidTestRunner.java:154)&#13;
at android.test.InstrumentationTestRunner.onStart(InstrumentationTestRunner.java:545)&#13;
at android.app.Instrumentation$InstrumentationThread.run(Instrumentation.java:1575)&#13;

</failure>
    </testcase>
    <testcase name="testNextAlarmEvent_LastUseWasLastSundayAndLastBreakWasLastSundayAndContraceptiveTypeIsRing_ExpectedMessageForRemoveRingAndCalendarDayIsNextSunday" classname="ch.kusar.contraceptivetimer.test.calculator.AlarmDataCalculatorTest" time="0.0">
      <failure>junit.framework.AssertionFailedError: expected:&lt;1349632800000&gt; but was:&lt;0&gt;&#13;
at ch.kusar.contraceptivetimer.test.calculator.AlarmDataCalculatorTest.testNextAlarmEvent_LastUseWasLastSundayAndLastBreakWasLastSundayAndContraceptiveTypeIsRing_ExpectedMessageForRemoveRingAndCalendarDayIsNextSunday(AlarmDataCalculatorTest.java:130)&#13;
at java.lang.reflect.Method.invokeNative(Native Method)&#13;
at android.test.AndroidTestRunner.runTest(AndroidTestRunner.java:169)&#13;
at android.test.AndroidTestRunner.runTest(AndroidTestRunner.java:154)&#13;
at android.test.InstrumentationTestRunner.onStart(InstrumentationTestRunner.java:545)&#13;
at android.app.Instrumentation$InstrumentationThread.run(Instrumentation.java:1575)&#13;

</failure>
    </testcase>
    <testcase name="testNextAlarmEvent_LastUseWasLastSundayOneWeeksAgoAndLastBreakWasLastSundayAndContraceptiveTypeIsPatch_ExpectedMessageForChangePatchAndCalendarDayIsNextSunday" classname="ch.kusar.contraceptivetimer.test.calculator.AlarmDataCalculatorTest" time="0.0">
      <failure>junit.framework.AssertionFailedError: expected:&lt;1349632800000&gt; but was:&lt;0&gt;&#13;
at ch.kusar.contraceptivetimer.test.calculator.AlarmDataCalculatorTest.testNextAlarmEvent_LastUseWasLastSundayOneWeeksAgoAndLastBreakWasLastSundayAndContraceptiveTypeIsPatch_ExpectedMessageForChangePatchAndCalendarDayIsNextSunday(AlarmDataCalculatorTest.java:296)&#13;
at java.lang.reflect.Method.invokeNative(Native Method)&#13;
at android.test.AndroidTestRunner.runTest(AndroidTestRunner.java:169)&#13;
at android.test.AndroidTestRunner.runTest(AndroidTestRunner.java:154)&#13;
at android.test.InstrumentationTestRunner.onStart(InstrumentationTestRunner.java:545)&#13;
at android.app.Instrumentation$InstrumentationThread.run(Instrumentation.java:1575)&#13;

</failure>
    </testcase>
    <testcase name="testNextAlarmEvent_LastUseWasLastSundayThreeWeeksAgoAndLastBreakWasLastSundayAndContraceptiveTypeIsRing_ExpectedMessageForChangeRingAndCalendarDayIsNextSunday" classname="ch.kusar.contraceptivetimer.test.calculator.AlarmDataCalculatorTest" time="0.0">
      <failure>junit.framework.AssertionFailedError: expected:&lt;1349632800000&gt; but was:&lt;0&gt;&#13;
at ch.kusar.contraceptivetimer.test.calculator.AlarmDataCalculatorTest.testNextAlarmEvent_LastUseWasLastSundayThreeWeeksAgoAndLastBreakWasLastSundayAndContraceptiveTypeIsRing_ExpectedMessageForChangeRingAndCalendarDayIsNextSunday(AlarmDataCalculatorTest.java:230)&#13;
at java.lang.reflect.Method.invokeNative(Native Method)&#13;
at android.test.AndroidTestRunner.runTest(AndroidTestRunner.java:169)&#13;
at android.test.AndroidTestRunner.runTest(AndroidTestRunner.java:154)&#13;
at android.test.InstrumentationTestRunner.onStart(InstrumentationTestRunner.java:545)&#13;
at android.app.Instrumentation$InstrumentationThread.run(Instrumentation.java:1575)&#13;

</failure>
    </testcase>
    <testcase name="testNextAlarmEvent_LastUseWasLastSundayTwoWeeksAgoAndLastBreakWasLastSundayThreeWeeksAgoAndContraceptiveTypeIsRing_ExpectedMessageForRemoveRingAndCalendarDayIsNextSunday" classname="ch.kusar.contraceptivetimer.test.calculator.AlarmDataCalculatorTest" time="0.0">
      <failure>junit.framework.AssertionFailedError: expected:&lt;1349632800000&gt; but was:&lt;0&gt;&#13;
at ch.kusar.contraceptivetimer.test.calculator.AlarmDataCalculatorTest.testNextAlarmEvent_LastUseWasLastSundayTwoWeeksAgoAndLastBreakWasLastSundayThreeWeeksAgoAndContraceptiveTypeIsRing_ExpectedMessageForRemoveRingAndCalendarDayIsNextSunday(AlarmDataCalculatorTest.java:197)&#13;
at java.lang.reflect.Method.invokeNative(Native Method)&#13;
at android.test.AndroidTestRunner.runTest(AndroidTestRunner.java:169)&#13;
at android.test.AndroidTestRunner.runTest(AndroidTestRunner.java:154)&#13;
at android.test.InstrumentationTestRunner.onStart(InstrumentationTestRunner.java:545)&#13;
at android.app.Instrumentation$InstrumentationThread.run(Instrumentation.java:1575)&#13;

</failure>
    </testcase>
    <testcase name="testNextAlarmEvent_LastUseWasYesterdayAndLastBreakWasSundayAWeekAgoAndContraceptiveTypeIsPill_ExpectedMessageForChangePillAndCalendarDayIsToday" classname="ch.kusar.contraceptivetimer.test.calculator.AlarmDataCalculatorTest" time="0.0">
      <failure>junit.framework.AssertionFailedError: expected:&lt;1349200800000&gt; but was:&lt;0&gt;&#13;
at ch.kusar.contraceptivetimer.test.calculator.AlarmDataCalculatorTest.testNextAlarmEvent_LastUseWasYesterdayAndLastBreakWasSundayAWeekAgoAndContraceptiveTypeIsPill_ExpectedMessageForChangePillAndCalendarDayIsToday(AlarmDataCalculatorTest.java:331)&#13;
at java.lang.reflect.Method.invokeNative(Native Method)&#13;
at android.test.AndroidTestRunner.runTest(AndroidTestRunner.java:169)&#13;
at android.test.AndroidTestRunner.runTest(AndroidTestRunner.java:154)&#13;
at android.test.InstrumentationTestRunner.onStart(InstrumentationTestRunner.java:545)&#13;
at android.app.Instrumentation$InstrumentationThread.run(Instrumentation.java:1575)&#13;

</failure>
    </testcase>
    <testcase name="testNumberOfDaysSinceLastBreak_StartTimeAndLastBreakIs1DayAgo_Expected1" classname="ch.kusar.contraceptivetimer.test.calculator.AlarmDataCalculatorTest" time="0.0">
      <failure>junit.framework.AssertionFailedError: expected:&lt;1&gt; but was:&lt;2&gt;&#13;
at ch.kusar.contraceptivetimer.test.calculator.AlarmDataCalculatorTest.testNumberOfDaysSinceLastBreak_StartTimeAndLastBreakIs1DayAgo_Expected1(AlarmDataCalculatorTest.java:78)&#13;
at java.lang.reflect.Method.invokeNative(Native Method)&#13;
at android.test.AndroidTestRunner.runTest(AndroidTestRunner.java:169)&#13;
at android.test.AndroidTestRunner.runTest(AndroidTestRunner.java:154)&#13;
at android.test.InstrumentationTestRunner.onStart(InstrumentationTestRunner.java:545)&#13;
at android.app.Instrumentation$InstrumentationThread.run(Instrumentation.java:1575)&#13;

</failure>
    </testcase>
    <testcase name="testNumberOfDaysSinceLastBreak_StartTimeAndLastBreakIs21DaysAgo_Expected21" classname="ch.kusar.contraceptivetimer.test.calculator.AlarmDataCalculatorTest" time="0.0">
      <failure>junit.framework.AssertionFailedError: expected:&lt;21&gt; but was:&lt;22&gt;&#13;
at ch.kusar.contraceptivetimer.test.calculator.AlarmDataCalculatorTest.testNumberOfDaysSinceLastBreak_StartTimeAndLastBreakIs21DaysAgo_Expected21(AlarmDataCalculatorTest.java:101)&#13;
at java.lang.reflect.Method.invokeNative(Native Method)&#13;
at android.test.AndroidTestRunner.runTest(AndroidTestRunner.java:169)&#13;
at android.test.AndroidTestRunner.runTest(AndroidTestRunner.java:154)&#13;
at android.test.InstrumentationTestRunner.onStart(InstrumentationTestRunner.java:545)&#13;
at android.app.Instrumentation$InstrumentationThread.run(Instrumentation.java:1575)&#13;

</failure>
    </testcase>
    <testcase name="testNumberOfDaysSinceLastBreak_StartTimeAndLastBreakIs7DaysAgo_Expected7" classname="ch.kusar.contraceptivetimer.test.calculator.AlarmDataCalculatorTest" time="0.0">
      <failure>junit.framework.AssertionFailedError: expected:&lt;7&gt; but was:&lt;8&gt;&#13;
at ch.kusar.contraceptivetimer.test.calculator.AlarmDataCalculatorTest.testNumberOfDaysSinceLastBreak_StartTimeAndLastBreakIs7DaysAgo_Expected7(AlarmDataCalculatorTest.java:91)&#13;
at java.lang.reflect.Method.invokeNative(Native Method)&#13;
at android.test.AndroidTestRunner.runTest(AndroidTestRunner.java:169)&#13;
at android.test.AndroidTestRunner.runTest(AndroidTestRunner.java:154)&#13;
at android.test.InstrumentationTestRunner.onStart(InstrumentationTestRunner.java:545)&#13;
at android.app.Instrumentation$InstrumentationThread.run(Instrumentation.java:1575)&#13;

</failure>
    </testcase>
  </testsuite>
  <testsuite name="ch.kusar.contraceptivetimer.test.retriever.AlarmEventRetrieverTest" time="0.0">
    <testcase name="testAndroidTestCaseSetupProperly" classname="ch.kusar.contraceptivetimer.test.retriever.AlarmEventRetrieverTest" time="0.0"/>
    <testcase name="testRetrieveAlarmEventData_WithValidData_ShouldReturnExpectedObjectData" classname="ch.kusar.contraceptivetimer.test.retriever.AlarmEventRetrieverTest" time="0.0"/>
  </testsuite>
</testrun>
