<?xml version="1.0" encoding="UTF-8"?>
<testrun name="ContraceptiveTimerTest (1)" project="ContraceptiveTimerTest" tests="17" started="17" failures="2" errors="0" ignored="0">
  <testsuite name="ch.kusar.contraceptivetimer.test.businessobjects.AlarmDataTest" time="2.625">
    <testcase name="testGetIntervalDays_TypeIsPatch_Returns7" classname="ch.kusar.contraceptivetimer.test.businessobjects.AlarmDataTest" time="0.528"/>
    <testcase name="testGetIntervalDays_TypeIsPill_Returns1" classname="ch.kusar.contraceptivetimer.test.businessobjects.AlarmDataTest" time="0.851"/>
    <testcase name="testGetIntervalDays_TypeIsRing_Returns21" classname="ch.kusar.contraceptivetimer.test.businessobjects.AlarmDataTest" time="0.0"/>
    <testcase name="testGetLastAlarmCalendarDay_LastBreakIs21DaysAgoAndTypeIsPatch_ExpectedCalendarIsToday" classname="ch.kusar.contraceptivetimer.test.businessobjects.AlarmDataTest" time="0.129">
      <failure>junit.framework.AssertionFailedError: expected:&lt;194&gt; but was:&lt;180&gt;&#13;
at ch.kusar.contraceptivetimer.test.businessobjects.AlarmDataTest.testGetLastAlarmCalendarDay_LastBreakIs21DaysAgoAndTypeIsPatch_ExpectedCalendarIsToday(AlarmDataTest.java:173)&#13;
at java.lang.reflect.Method.invokeNative(Native Method)&#13;
at android.test.AndroidTestRunner.runTest(AndroidTestRunner.java:169)&#13;
at android.test.AndroidTestRunner.runTest(AndroidTestRunner.java:154)&#13;
at android.test.InstrumentationTestRunner.onStart(InstrumentationTestRunner.java:520)&#13;
at android.app.Instrumentation$InstrumentationThread.run(Instrumentation.java:1447)&#13;

</failure>
    </testcase>
    <testcase name="testGetLastAlarmCalendarDay_LastBreakIs21DaysAgoAndTypeIsRing_ExpectedCalendarIs14DaysAgo" classname="ch.kusar.contraceptivetimer.test.businessobjects.AlarmDataTest" time="0.129"/>
    <testcase name="testGetLastAlarmCalendarDay_LastBreakIs6DaysAgoAndTypeIsRing_ExpectedCalendarIsTomorrow" classname="ch.kusar.contraceptivetimer.test.businessobjects.AlarmDataTest" time="0.078"/>
    <testcase name="testGetLastAlarmCalendarDay_LastBreakIs7DaysAgoAndTypeIsPatch_ExpectedCalendarIsIn2Weeks" classname="ch.kusar.contraceptivetimer.test.businessobjects.AlarmDataTest" time="0.001">
      <failure>junit.framework.AssertionFailedError: expected:&lt;208&gt; but was:&lt;194&gt;&#13;
at ch.kusar.contraceptivetimer.test.businessobjects.AlarmDataTest.testGetLastAlarmCalendarDay_LastBreakIs7DaysAgoAndTypeIsPatch_ExpectedCalendarIsIn2Weeks(AlarmDataTest.java:188)&#13;
at java.lang.reflect.Method.invokeNative(Native Method)&#13;
at android.test.AndroidTestRunner.runTest(AndroidTestRunner.java:169)&#13;
at android.test.AndroidTestRunner.runTest(AndroidTestRunner.java:154)&#13;
at android.test.InstrumentationTestRunner.onStart(InstrumentationTestRunner.java:520)&#13;
at android.app.Instrumentation$InstrumentationThread.run(Instrumentation.java:1447)&#13;

</failure>
    </testcase>
    <testcase name="testGetLastAlarmCalendarDay_LastBreakIs7DaysAgoAndTypeIsRing_ExpectedCalendarIs0DaysAgo" classname="ch.kusar.contraceptivetimer.test.businessobjects.AlarmDataTest" time="0.156"/>
    <testcase name="testGetNextCalendarForAlarm_LastBreakIs21DaysAgoAndTypeIsRing_ExpectedCalendar21DaysAgo" classname="ch.kusar.contraceptivetimer.test.businessobjects.AlarmDataTest" time="0.182"/>
    <testcase name="testIsTimeToMakeSevenDaysBreak_LastBreakIs21DaysAgo_ExpectedTrue" classname="ch.kusar.contraceptivetimer.test.businessobjects.AlarmDataTest" time="0.155"/>
    <testcase name="testNumberOfDaysSinceLastBreak_StartTimeAndLastBreakIs1DayAgo_Expected1" classname="ch.kusar.contraceptivetimer.test.businessobjects.AlarmDataTest" time="0.026"/>
    <testcase name="testNumberOfDaysSinceLastBreak_StartTimeAndLastBreakIs21DaysAgo_Expected21" classname="ch.kusar.contraceptivetimer.test.businessobjects.AlarmDataTest" time="0.026"/>
    <testcase name="testNumberOfDaysSinceLastBreak_StartTimeAndLastBreakIs7DaysAgo_Expected7" classname="ch.kusar.contraceptivetimer.test.businessobjects.AlarmDataTest" time="0.208"/>
    <testcase name="testAndroidTestCaseSetupProperly" classname="ch.kusar.contraceptivetimer.test.businessobjects.AlarmDataTest" time="0.078"/>
  </testsuite>
  <testsuite name="ch.kusar.contraceptivetimer.test.wrapper.InternalStorageWrapperTest" time="0.647">
    <testcase name="testLoadFromStorage_LoadsStoredFileIntoObject_ShouldLoadTheSavedDataCorrectly" classname="ch.kusar.contraceptivetimer.test.wrapper.InternalStorageWrapperTest" time="0.31"/>
    <testcase name="testSaveToStorage_StoresTheFileToInternalStorage_ShouldBeSavedToStorageWithoutError" classname="ch.kusar.contraceptivetimer.test.wrapper.InternalStorageWrapperTest" time="0.233"/>
    <testcase name="testAndroidTestCaseSetupProperly" classname="ch.kusar.contraceptivetimer.test.wrapper.InternalStorageWrapperTest" time="0.104"/>
  </testsuite>
</testrun>
