<?xml version="1.0" encoding="UTF-8"?>
<testrun name="ContraceptiveTimerTest (1)" project="ContraceptiveTimerTest" tests="20" started="20" failures="10" errors="0" ignored="0">
  <testsuite name="ch.kusar.contraceptivetimer.test.businessobjects.AlarmDataTest" time="3.421">
    <testcase name="testGetIntervalDays_TypeIsPatch_Returns7" classname="ch.kusar.contraceptivetimer.test.businessobjects.AlarmDataTest" time="0.333"/>
    <testcase name="testGetIntervalDays_TypeIsPill_Returns1" classname="ch.kusar.contraceptivetimer.test.businessobjects.AlarmDataTest" time="0.702"/>
    <testcase name="testGetIntervalDays_TypeIsRing_Returns21" classname="ch.kusar.contraceptivetimer.test.businessobjects.AlarmDataTest" time="0.88"/>
    <testcase name="testGetNumbersOfAlarmsBeforeBreak_LastBreakIs0DaysAgoAndTypeIsPill_Expected21" classname="ch.kusar.contraceptivetimer.test.businessobjects.AlarmDataTest" time="0.104">
      <failure>junit.framework.AssertionFailedError: expected:&lt;21&gt; but was:&lt;0&gt;&#13;
at ch.kusar.contraceptivetimer.test.businessobjects.AlarmDataTest.testGetNumbersOfAlarmsBeforeBreak_LastBreakIs0DaysAgoAndTypeIsPill_Expected21(AlarmDataTest.java:227)&#13;
at java.lang.reflect.Method.invokeNative(Native Method)&#13;
at android.test.AndroidTestRunner.runTest(AndroidTestRunner.java:169)&#13;
at android.test.AndroidTestRunner.runTest(AndroidTestRunner.java:154)&#13;
at android.test.InstrumentationTestRunner.onStart(InstrumentationTestRunner.java:520)&#13;
at android.app.Instrumentation$InstrumentationThread.run(Instrumentation.java:1447)&#13;

</failure>
    </testcase>
    <testcase name="testGetNumbersOfAlarmsBeforeBreak_LastBreakIs15DaysAgoAndTypeIsRing_Expected0" classname="ch.kusar.contraceptivetimer.test.businessobjects.AlarmDataTest" time="0.18"/>
    <testcase name="testGetNumbersOfAlarmsBeforeBreak_LastBreakIs17DaysAgoAndTypeIsPatch_Expected0" classname="ch.kusar.contraceptivetimer.test.businessobjects.AlarmDataTest" time="0.077">
      <failure>junit.framework.AssertionFailedError: expected:&lt;0&gt; but was:&lt;2&gt;&#13;
at ch.kusar.contraceptivetimer.test.businessobjects.AlarmDataTest.testGetNumbersOfAlarmsBeforeBreak_LastBreakIs17DaysAgoAndTypeIsPatch_Expected0(AlarmDataTest.java:213)&#13;
at java.lang.reflect.Method.invokeNative(Native Method)&#13;
at android.test.AndroidTestRunner.runTest(AndroidTestRunner.java:169)&#13;
at android.test.AndroidTestRunner.runTest(AndroidTestRunner.java:154)&#13;
at android.test.InstrumentationTestRunner.onStart(InstrumentationTestRunner.java:520)&#13;
at android.app.Instrumentation$InstrumentationThread.run(Instrumentation.java:1447)&#13;

</failure>
    </testcase>
    <testcase name="testGetNumbersOfAlarmsBeforeBreak_LastBreakIs1DaysAgoAndTypeIsPill_Expected20" classname="ch.kusar.contraceptivetimer.test.businessobjects.AlarmDataTest" time="0.078">
      <failure>junit.framework.AssertionFailedError: expected:&lt;20&gt; but was:&lt;0&gt;&#13;
at ch.kusar.contraceptivetimer.test.businessobjects.AlarmDataTest.testGetNumbersOfAlarmsBeforeBreak_LastBreakIs1DaysAgoAndTypeIsPill_Expected20(AlarmDataTest.java:157)&#13;
at java.lang.reflect.Method.invokeNative(Native Method)&#13;
at android.test.AndroidTestRunner.runTest(AndroidTestRunner.java:169)&#13;
at android.test.AndroidTestRunner.runTest(AndroidTestRunner.java:154)&#13;
at android.test.InstrumentationTestRunner.onStart(InstrumentationTestRunner.java:520)&#13;
at android.app.Instrumentation$InstrumentationThread.run(Instrumentation.java:1447)&#13;

</failure>
    </testcase>
    <testcase name="testGetNumbersOfAlarmsBeforeBreak_LastBreakIs21DaysAgoAndTypeIsPill_Expected0" classname="ch.kusar.contraceptivetimer.test.businessobjects.AlarmDataTest" time="0.052">
      <failure>junit.framework.AssertionFailedError: expected:&lt;0&gt; but was:&lt;20&gt;&#13;
at ch.kusar.contraceptivetimer.test.businessobjects.AlarmDataTest.testGetNumbersOfAlarmsBeforeBreak_LastBreakIs21DaysAgoAndTypeIsPill_Expected0(AlarmDataTest.java:241)&#13;
at java.lang.reflect.Method.invokeNative(Native Method)&#13;
at android.test.AndroidTestRunner.runTest(AndroidTestRunner.java:169)&#13;
at android.test.AndroidTestRunner.runTest(AndroidTestRunner.java:154)&#13;
at android.test.InstrumentationTestRunner.onStart(InstrumentationTestRunner.java:520)&#13;
at android.app.Instrumentation$InstrumentationThread.run(Instrumentation.java:1447)&#13;

</failure>
    </testcase>
    <testcase name="testGetNumbersOfAlarmsBeforeBreak_LastBreakIs21DaysAgoAndTypeIsRing_Expected0" classname="ch.kusar.contraceptivetimer.test.businessobjects.AlarmDataTest" time="0.052"/>
    <testcase name="testGetNumbersOfAlarmsBeforeBreak_LastBreakIs29DaysAgoAndTypeIsRing_Expected0" classname="ch.kusar.contraceptivetimer.test.businessobjects.AlarmDataTest" time="0.052">
      <failure>junit.framework.AssertionFailedError: expected:&lt;0&gt; but was:&lt;1&gt;&#13;
at ch.kusar.contraceptivetimer.test.businessobjects.AlarmDataTest.testGetNumbersOfAlarmsBeforeBreak_LastBreakIs29DaysAgoAndTypeIsRing_Expected0(AlarmDataTest.java:171)&#13;
at java.lang.reflect.Method.invokeNative(Native Method)&#13;
at android.test.AndroidTestRunner.runTest(AndroidTestRunner.java:169)&#13;
at android.test.AndroidTestRunner.runTest(AndroidTestRunner.java:154)&#13;
at android.test.InstrumentationTestRunner.onStart(InstrumentationTestRunner.java:520)&#13;
at android.app.Instrumentation$InstrumentationThread.run(Instrumentation.java:1447)&#13;

</failure>
    </testcase>
    <testcase name="testGetNumbersOfAlarmsBeforeBreak_LastBreakIs5DaysAgoAndTypeIsPatch_Expected2" classname="ch.kusar.contraceptivetimer.test.businessobjects.AlarmDataTest" time="0.052">
      <failure>junit.framework.AssertionFailedError: expected:&lt;2&gt; but was:&lt;0&gt;&#13;
at ch.kusar.contraceptivetimer.test.businessobjects.AlarmDataTest.testGetNumbersOfAlarmsBeforeBreak_LastBreakIs5DaysAgoAndTypeIsPatch_Expected2(AlarmDataTest.java:199)&#13;
at java.lang.reflect.Method.invokeNative(Native Method)&#13;
at android.test.AndroidTestRunner.runTest(AndroidTestRunner.java:169)&#13;
at android.test.AndroidTestRunner.runTest(AndroidTestRunner.java:154)&#13;
at android.test.InstrumentationTestRunner.onStart(InstrumentationTestRunner.java:520)&#13;
at android.app.Instrumentation$InstrumentationThread.run(Instrumentation.java:1447)&#13;

</failure>
    </testcase>
    <testcase name="testGetNumbersOfAlarmsBeforeBreak_LastBreakIs7DaysAgoAndTypeIsPatch_Expected2" classname="ch.kusar.contraceptivetimer.test.businessobjects.AlarmDataTest" time="0.078">
      <failure>junit.framework.AssertionFailedError: expected:&lt;2&gt; but was:&lt;0&gt;&#13;
at ch.kusar.contraceptivetimer.test.businessobjects.AlarmDataTest.testGetNumbersOfAlarmsBeforeBreak_LastBreakIs7DaysAgoAndTypeIsPatch_Expected2(AlarmDataTest.java:143)&#13;
at java.lang.reflect.Method.invokeNative(Native Method)&#13;
at android.test.AndroidTestRunner.runTest(AndroidTestRunner.java:169)&#13;
at android.test.AndroidTestRunner.runTest(AndroidTestRunner.java:154)&#13;
at android.test.InstrumentationTestRunner.onStart(InstrumentationTestRunner.java:520)&#13;
at android.app.Instrumentation$InstrumentationThread.run(Instrumentation.java:1447)&#13;

</failure>
    </testcase>
    <testcase name="testIsTimeToMakeSevenDaysBreak_LastBreakIs21DaysAgo_ExpectedTrue" classname="ch.kusar.contraceptivetimer.test.businessobjects.AlarmDataTest" time="0.052">
      <failure>junit.framework.AssertionFailedError&#13;
at ch.kusar.contraceptivetimer.test.businessobjects.AlarmDataTest.testIsTimeToMakeSevenDaysBreak_LastBreakIs21DaysAgo_ExpectedTrue(AlarmDataTest.java:115)&#13;
at java.lang.reflect.Method.invokeNative(Native Method)&#13;
at android.test.AndroidTestRunner.runTest(AndroidTestRunner.java:169)&#13;
at android.test.AndroidTestRunner.runTest(AndroidTestRunner.java:154)&#13;
at android.test.InstrumentationTestRunner.onStart(InstrumentationTestRunner.java:520)&#13;
at android.app.Instrumentation$InstrumentationThread.run(Instrumentation.java:1447)&#13;

</failure>
    </testcase>
    <testcase name="testNumberOfDaysSinceLastBreak_StartTimeAndLastBreakIs1DayAgo_Expected1" classname="ch.kusar.contraceptivetimer.test.businessobjects.AlarmDataTest" time="0.053"/>
    <testcase name="testNumberOfDaysSinceLastBreak_StartTimeAndLastBreakIs21DaysAgo_Expected21" classname="ch.kusar.contraceptivetimer.test.businessobjects.AlarmDataTest" time="0.078">
      <failure>junit.framework.AssertionFailedError: expected:&lt;21&gt; but was:&lt;20&gt;&#13;
at ch.kusar.contraceptivetimer.test.businessobjects.AlarmDataTest.testNumberOfDaysSinceLastBreak_StartTimeAndLastBreakIs21DaysAgo_Expected21(AlarmDataTest.java:102)&#13;
at java.lang.reflect.Method.invokeNative(Native Method)&#13;
at android.test.AndroidTestRunner.runTest(AndroidTestRunner.java:169)&#13;
at android.test.AndroidTestRunner.runTest(AndroidTestRunner.java:154)&#13;
at android.test.InstrumentationTestRunner.onStart(InstrumentationTestRunner.java:520)&#13;
at android.app.Instrumentation$InstrumentationThread.run(Instrumentation.java:1447)&#13;

</failure>
    </testcase>
    <testcase name="testNumberOfDaysSinceLastBreak_StartTimeAndLastBreakIs7DaysAgo_Expected7" classname="ch.kusar.contraceptivetimer.test.businessobjects.AlarmDataTest" time="0.026">
      <failure>junit.framework.AssertionFailedError: expected:&lt;7&gt; but was:&lt;6&gt;&#13;
at ch.kusar.contraceptivetimer.test.businessobjects.AlarmDataTest.testNumberOfDaysSinceLastBreak_StartTimeAndLastBreakIs7DaysAgo_Expected7(AlarmDataTest.java:90)&#13;
at java.lang.reflect.Method.invokeNative(Native Method)&#13;
at android.test.AndroidTestRunner.runTest(AndroidTestRunner.java:169)&#13;
at android.test.AndroidTestRunner.runTest(AndroidTestRunner.java:154)&#13;
at android.test.InstrumentationTestRunner.onStart(InstrumentationTestRunner.java:520)&#13;
at android.app.Instrumentation$InstrumentationThread.run(Instrumentation.java:1447)&#13;

</failure>
    </testcase>
    <testcase name="testAndroidTestCaseSetupProperly" classname="ch.kusar.contraceptivetimer.test.businessobjects.AlarmDataTest" time="0.079"/>
  </testsuite>
  <testsuite name="ch.kusar.contraceptivetimer.test.wrapper.InternalStorageWrapperTest" time="0.234">
    <testcase name="testLoadFromStorage_LoadsStoredFileIntoObject_ShouldLoadTheSavedDataCorrectly" classname="ch.kusar.contraceptivetimer.test.wrapper.InternalStorageWrapperTest" time="0.051"/>
    <testcase name="testSaveToStorage_StoresTheFileToInternalStorage_ShouldBeSavedToStorageWithoutError" classname="ch.kusar.contraceptivetimer.test.wrapper.InternalStorageWrapperTest" time="0.131"/>
    <testcase name="testAndroidTestCaseSetupProperly" classname="ch.kusar.contraceptivetimer.test.wrapper.InternalStorageWrapperTest" time="0.052"/>
  </testsuite>
</testrun>
